<?xml version="1.0" encoding="UTF-8"?>
<testsuite xmlns:xsi="http://www.w3.org/2001/XMLSchema-instance" xsi:noNamespaceSchemaLocation="https://maven.apache.org/surefire/maven-surefire-plugin/xsd/surefire-test-report.xsd" version="3.0.2" name="com.ecom.app.ShoppingCartApplicationTests" time="9.342" tests="1" errors="0" skipped="0" failures="0">
  <properties>
[...]
</properties>
  <testcase name="contextLoads" classname="com.ecom.app.ShoppingCartApplicationTests" time="0.695">
    <system-out><![CDATA[10:47:21.710 [main] INFO org.springframework.test.context.support.AnnotationConfigContextLoaderUtils -- Could not detect default configuration classes for test class [com.ecom.app.ShoppingCartApplicationTests]: ShoppingCartApplicationTests does not declare any static, non-private, non-final, nested classes annotated with @Configuration.
10:47:21.962 [main] INFO org.springframework.boot.test.context.SpringBootTestContextBootstrapper -- Found @SpringBootConfiguration com.ecom.app.ShoppingCartApplication for test class com.ecom.app.ShoppingCartApplicationTests
10:47:22.214 [main] INFO org.springframework.boot.devtools.restart.RestartApplicationListener -- Restart disabled due to context in which it is running

  .   ____          _            __ _ _
 /\\ / ___'_ __ _ _(_)_ __  __ _ \ \ \ \
( ( )\___ | '_ | '_| | '_ \/ _` | \ \ \ \
 \\/  ___)| |_)| | | | | || (_| |  ) ) ) )
  '  |____| .__|_| |_|_| |_\__, | / / / /
 =========|_|==============|___/=/_/_/_/

 :: Spring Boot ::                (v4.0.1)

2026-01-27T10:47:22.623Z  INFO 8376 --- [Shopping_Cart] [           main] c.ecom.app.ShoppingCartApplicationTests  : Starting ShoppingCartApplicationTests using Java 21.0.9 with PID 8376 (started by labuser in /home/labuser/Desktop/Shopping-Cart)
2026-01-27T10:47:22.626Z  INFO 8376 --- [Shopping_Cart] [           main] c.ecom.app.ShoppingCartApplicationTests  : No active profile set, falling back to 1 default profile: "default"
2026-01-27T10:47:23.823Z  INFO 8376 --- [Shopping_Cart] [           main] .s.d.r.c.RepositoryConfigurationDelegate : Bootstrapping Spring Data JPA repositories in DEFAULT mode.
2026-01-27T10:47:23.928Z  INFO 8376 --- [Shopping_Cart] [           main] .s.d.r.c.RepositoryConfigurationDelegate : Finished Spring Data repository scanning in 92 ms. Found 6 JPA repository interfaces.
2026-01-27T10:47:24.681Z  INFO 8376 --- [Shopping_Cart] [           main] org.hibernate.orm.jpa                    : HHH008540: Processing PersistenceUnitInfo [name: default]
2026-01-27T10:47:24.746Z  INFO 8376 --- [Shopping_Cart] [           main] org.hibernate.orm.core                   : HHH000001: Hibernate ORM core version 7.2.0.Final
2026-01-27T10:47:25.415Z  INFO 8376 --- [Shopping_Cart] [           main] o.s.o.j.p.SpringPersistenceUnitInfo      : No LoadTimeWeaver setup: ignoring JPA class transformer
2026-01-27T10:47:25.460Z  INFO 8376 --- [Shopping_Cart] [           main] com.zaxxer.hikari.HikariDataSource       : HikariPool-1 - Starting...
2026-01-27T10:47:26.137Z  INFO 8376 --- [Shopping_Cart] [           main] com.zaxxer.hikari.pool.HikariPool        : HikariPool-1 - Added connection com.mysql.cj.jdbc.ConnectionImpl@2e030cc1
2026-01-27T10:47:26.140Z  INFO 8376 --- [Shopping_Cart] [           main] com.zaxxer.hikari.HikariDataSource       : HikariPool-1 - Start completed.
2026-01-27T10:47:26.309Z  INFO 8376 --- [Shopping_Cart] [           main] org.hibernate.orm.connections.pooling    : HHH10001005: Database info:
	Database JDBC URL [jdbc:mysql://localhost:3306/ShoppingApplication]
	Database driver: MySQL Connector/J
	Database dialect: MySQLDialect
	Database version: 8.0.37
	Default catalog/schema: ShoppingApplication/undefined
	Autocommit mode: undefined/unknown
	Isolation level: REPEATABLE_READ [default REPEATABLE_READ]
	JDBC fetch size: none
	Pool: DataSourceConnectionProvider
	Minimum pool size: undefined/unknown
	Maximum pool size: undefined/unknown
2026-01-27T10:47:27.988Z  INFO 8376 --- [Shopping_Cart] [           main] org.hibernate.orm.core                   : HHH000489: No JTA platform available (set 'hibernate.transaction.jta.platform' to enable JTA platform integration)
2026-01-27T10:47:28.103Z  INFO 8376 --- [Shopping_Cart] [           main] j.LocalContainerEntityManagerFactoryBean : Initialized JPA EntityManagerFactory for persistence unit 'default'
2026-01-27T10:47:28.269Z  INFO 8376 --- [Shopping_Cart] [           main] o.s.d.j.r.query.QueryEnhancerFactories   : Hibernate is in classpath; If applicable, HQL parser will be used.
2026-01-27T10:47:28.861Z  INFO 8376 --- [Shopping_Cart] [           main] eAuthenticationProviderManagerConfigurer : Global AuthenticationManager configured with AuthenticationProvider bean with name authProvider
2026-01-27T10:47:28.862Z  WARN 8376 --- [Shopping_Cart] [           main] r$InitializeUserDetailsManagerConfigurer : Global AuthenticationManager configured with an AuthenticationProvider bean. UserDetailsService beans will not be used by Spring Security for automatically configuring username/password login. Consider removing the AuthenticationProvider bean. Alternatively, consider using the UserDetailsService in a manually instantiated DaoAuthenticationProvider. If the current configuration is intentional, to turn off this warning, increase the logging level of 'org.springframework.security.config.annotation.authentication.configuration.InitializeUserDetailsBeanManagerConfigurer' to ERROR
2026-01-27T10:47:28.965Z  WARN 8376 --- [Shopping_Cart] [           main] JpaBaseConfiguration$JpaWebConfiguration : spring.jpa.open-in-view is enabled by default. Therefore, database queries may be performed during view rendering. Explicitly configure spring.jpa.open-in-view to disable this warning
2026-01-27T10:47:29.891Z  INFO 8376 --- [Shopping_Cart] [           main] c.ecom.app.ShoppingCartApplicationTests  : Started ShoppingCartApplicationTests in 7.696 seconds (process running for 9.94)
]]></system-out>
    <system-err><![CDATA[Mockito is currently self-attaching to enable the inline-mock-maker. This will no longer work in future releases of the JDK. Please add Mockito as an agent to your build as described in Mockito's documentation: https://javadoc.io/doc/org.mockito/mockito-core/latest/org.mockito/org/mockito/Mockito.html#0.3
WARNING: A Java agent has been loaded dynamically (/home/labuser/.m2/repository/net/bytebuddy/byte-buddy-agent/1.17.8/byte-buddy-agent-1.17.8.jar)
WARNING: If a serviceability tool is in use, please run with -XX:+EnableDynamicAgentLoading to hide this warning
WARNING: If a serviceability tool is not in use, please run with -Djdk.instrument.traceUsage for more information
WARNING: Dynamic loading of agents will be disallowed by default in a future release
]]></system-err>
  </testcase>
</testsuite>